[ 2013-03-21T17:05:02+08:00 ] 192.168.1.100 /
INFO: [ app_begin ] --START--
INFO: Run ReadHtmlCache Behavior [ RunTime:0.000800s ]
INFO: [ app_begin ] --END-- [ RunTime:0.000865s ]
INFO: [ view_parse ] --START--
INFO: Run ParseTemplate Behavior [ RunTime:0.010948s ]
INFO: [ view_parse ] --END-- [ RunTime:0.011022s ]
INFO: [ view_filter ] --START--
INFO: Run ContentReplace Behavior [ RunTime:0.000530s ]
INFO: Run TokenBuild Behavior [ RunTime:0.000527s ]
INFO: Run WriteHtmlCache Behavior [ RunTime:0.000435s ]
INFO: Run ShowRuntime Behavior [ RunTime:0.000629s ]
INFO: [ view_filter ] --END-- [ RunTime:0.002245s ]
INFO: [ view_end ] --START--
INFO: Run ShowPageTrace Behavior [ RunTime:0.000661s ]
INFO: [ view_end ] --END-- [ RunTime:0.000703s ]

[ 2013-03-21T17:05:02+08:00 ] ERR: (ThinkException) 无法加载模块:favicon
[ 2013-03-21T17:05:04+08:00 ] 192.168.1.100 /
INFO: [ app_begin ] --START--
INFO: Run ReadHtmlCache Behavior [ RunTime:0.000918s ]
INFO: [ app_begin ] --END-- [ RunTime:0.001043s ]
INFO: [ view_parse ] --START--
INFO: Run ParseTemplate Behavior [ RunTime:0.001332s ]
INFO: [ view_parse ] --END-- [ RunTime:0.001445s ]
INFO: [ view_filter ] --START--
INFO: Run ContentReplace Behavior [ RunTime:0.000586s ]
INFO: Run TokenBuild Behavior [ RunTime:0.000661s ]
INFO: Run WriteHtmlCache Behavior [ RunTime:0.000468s ]
INFO: Run ShowRuntime Behavior [ RunTime:0.000773s ]
INFO: [ view_filter ] --END-- [ RunTime:0.002731s ]
INFO: [ view_end ] --START--
INFO: Run ShowPageTrace Behavior [ RunTime:0.000894s ]
INFO: [ view_end ] --END-- [ RunTime:0.000978s ]

[ 2013-03-21T17:05:04+08:00 ] ERR: (ThinkException) 无法加载模块:favicon
[ 2013-03-21T17:13:25+08:00 ] ERR: (ThinkException) 无法加载模块:Index
[ 2013-03-21T17:13:25+08:00 ] ERR: (ThinkException) 无法加载模块:Favicon.ico
[ 2013-03-21T17:52:42+08:00 ] ERR: (ThinkException) 无法加载模块:Favicon.ico
[ 2013-03-21T17:53:30+08:00 ] ERR: (ThinkException) 无法加载模块:Favicon.ico
[ 2013-03-21T17:53:31+08:00 ] ERR: (ThinkException) 无法加载模块:Favicon.ico
[ 2013-03-21T17:54:13+08:00 ] ERR: (ThinkException) 无法加载模块:Favicon.ico
[ 2013-03-21T17:54:14+08:00 ] ERR: (ThinkException) 无法加载模块:Favicon.ico
[ 2013-03-21T18:39:23+08:00 ] ERR: (ThinkException) 无法加载模块:Favicon.ico
[ 2013-03-21T18:43:56+08:00 ] ERR: (ThinkException) 无法加载模块:Favicon.ico
[ 2013-03-21T18:43:57+08:00 ] ERR: (ThinkException) 无法加载模块:Favicon.ico
[ 2013-03-21T18:44:40+08:00 ] ERR: (ThinkException) 无法加载模块:Static
[ 2013-03-21T18:44:40+08:00 ] ERR: (ThinkException) 无法加载模块:Static
[ 2013-03-21T18:44:41+08:00 ] ERR: (ThinkException) 无法加载模块:Favicon.ico
[ 2013-03-21T18:44:41+08:00 ] ERR: (ThinkException) 无法加载模块:Favicon.ico
[ 2013-03-21T18:44:41+08:00 ] ERR: (ThinkException) 无法加载模块:Favicon.ico
[ 2013-03-21T18:44:45+08:00 ] ERR: (ThinkException) 无法加载模块:Favicon.ico
[ 2013-03-21T18:44:46+08:00 ] ERR: (ThinkException) 无法加载模块:Favicon.ico
[ 2013-03-21T18:44:53+08:00 ] ERR: (ThinkException) 无法加载模块:Static
[ 2013-03-21T18:44:53+08:00 ] ERR: (ThinkException) 无法加载模块:Static
[ 2013-03-21T18:44:53+08:00 ] ERR: (ThinkException) 无法加载模块:Favicon.ico
[ 2013-03-21T18:44:53+08:00 ] ERR: (ThinkException) 无法加载模块:Favicon.ico
[ 2013-03-21T18:44:53+08:00 ] ERR: (ThinkException) 无法加载模块:Favicon.ico
[ 2013-03-21T19:13:02+08:00 ] ERR: (ThinkException) 无法加载模块:Static
[ 2013-03-21T19:13:02+08:00 ] ERR: (ThinkException) 无法加载模块:Static
[ 2013-03-21T19:13:02+08:00 ] ERR: (ThinkException) 无法加载模块:Favicon.ico
[ 2013-03-21T19:13:02+08:00 ] ERR: (ThinkException) 无法加载模块:Favicon.ico
[ 2013-03-21T19:13:02+08:00 ] ERR: (ThinkException) 无法加载模块:Favicon.ico
[ 2013-03-21T19:46:02+08:00 ] ERR: (ThinkException) 无法加载模块:Static
[ 2013-03-21T19:46:02+08:00 ] ERR: (ThinkException) 无法加载模块:Static
[ 2013-03-21T19:46:02+08:00 ] ERR: (ThinkException) 无法加载模块:Favicon.ico
